<?xml version="1.0" encoding="UTF-8"?>
<testng-results ignored="0" total="1" passed="1" failed="0" skipped="0">
  <reporter-output>
  </reporter-output>
  <suite started-at="2020-04-27T16:59:22 AEST" name="Functional Test Suite" finished-at="2020-04-27T17:00:31 AEST" duration-ms="69413">
    <groups>
    </groups>
    <test started-at="2020-04-27T16:59:22 AEST" name="eBayOrderPlacementTest" finished-at="2020-04-27T17:00:31 AEST" duration-ms="69413">
      <class name="com.ebayAutomation.tests.TC_01_ItemPurchaseVerification_eBay">
        <test-method signature="Verify_eBay_Order_Placement()[pri:0, instance:com.ebayAutomation.tests.TC_01_ItemPurchaseVerification_eBay@6d07a63d]" started-at="2020-04-27T16:59:22 AEST" name="Verify_eBay_Order_Placement" finished-at="2020-04-27T17:00:31 AEST" duration-ms="69339" status="PASS">
          <reporter-output>
          </reporter-output>
        </test-method> <!-- Verify_eBay_Order_Placement -->
      </class> <!-- com.ebayAutomation.tests.TC_01_ItemPurchaseVerification_eBay -->
    </test> <!-- eBayOrderPlacementTest -->
  </suite> <!-- Functional Test Suite -->
</testng-results>
